<?xml version="1.0" encoding="UTF-8"?>
<testng-results skipped="0" failed="0" ignored="0" total="1" passed="1">
  <reporter-output>
  </reporter-output>
  <suite name="Default suite" duration-ms="39" started-at="2019-06-24T14:52:11Z" finished-at="2019-06-24T14:52:11Z">
    <groups>
    </groups>
    <test name="Default test" duration-ms="39" started-at="2019-06-24T14:52:11Z" finished-at="2019-06-24T14:52:11Z">
      <class name="helloworldmvc.model.TestModel">
        <test-method status="PASS" signature="testGetMessage()[pri:0, instance:helloworldmvc.model.TestModel@23ceabc1]" name="testGetMessage" duration-ms="12" started-at="2019-06-24T14:52:11Z" finished-at="2019-06-24T14:52:11Z">
          <reporter-output>
          </reporter-output>
        </test-method> <!-- testGetMessage -->
      </class> <!-- helloworldmvc.model.TestModel -->
    </test> <!-- Default test -->
  </suite> <!-- Default suite -->
</testng-results>
